<?xml version="1.0" encoding="UTF-8"?>
<!-- Generated by org.testng.reporters.JUnitReportReporter -->
<testsuite hostname="LAPTOP-DOES8190" failures="0" tests="2" name="demo_pract_first.NewTest" time="0.876" errors="0" timestamp="2023-10-09T15:56:13 IST" skipped="0">
  <testcase classname="demo_pract_first.NewTest" name="f" time="0.649"/>
  <testcase classname="demo_pract_first.NewTest" name="fillingform" time="0.227"/>
</testsuite> <!-- demo_pract_first.NewTest -->
