<?xml version="1.0" encoding="UTF-8"?>
<!-- Generated by org.testng.reporters.JUnitReportReporter -->
<testsuite hostname="LAPTOP-DOES8190" failures="0" tests="7" name="testcases.All_Testcases" time="16.841" errors="0" timestamp="2023-11-29T13:26:35 IST" skipped="0">
  <testcase classname="testcases.All_Testcases" name="Tc5" time="0.806"/>
  <system-out/>
  <testcase classname="testcases.All_Testcases" name="Tc4" time="0.416"/>
  <system-out/>
  <testcase classname="testcases.All_Testcases" name="Tc6" time="0.647"/>
  <system-out/>
  <testcase classname="testcases.All_Testcases" name="Tc3" time="1.100"/>
  <system-out/>
  <testcase classname="testcases.All_Testcases" name="Tc7" time="0.152"/>
  <system-out/>
  <testcase classname="testcases.All_Testcases" name="Tc1" time="12.135"/>
  <system-out/>
  <testcase classname="testcases.All_Testcases" name="Tc2" time="1.585"/>
  <system-out/>
</testsuite> <!-- testcases.All_Testcases -->
