<?xml version="1.0" encoding="UTF-8"?>
<!-- Generated by org.testng.reporters.JUnitReportReporter -->
<testsuite hostname="LAPTOP-DOES8190" failures="0" tests="19" name="Testcases.RecruitmentTest" time="8.377" errors="0" timestamp="2023-11-08T13:12:21 IST" skipped="0">
  <testcase classname="Testcases.RecruitmentTest" name="tc1" time="5.350"/>
  <system-out/>
  <testcase classname="Testcases.RecruitmentTest" name="tc2" time="0.090"/>
  <system-out/>
  <testcase classname="Testcases.RecruitmentTest" name="tc3" time="0.061"/>
  <system-out/>
  <testcase classname="Testcases.RecruitmentTest" name="tc4" time="0.067"/>
  <system-out/>
  <testcase classname="Testcases.RecruitmentTest" name="tc5" time="0.071"/>
  <system-out/>
  <testcase classname="Testcases.RecruitmentTest" name="tc6" time="0.060"/>
  <system-out/>
  <testcase classname="Testcases.RecruitmentTest" name="tc7" time="0.094"/>
  <system-out/>
  <testcase classname="Testcases.RecruitmentTest" name="tc8" time="0.839"/>
  <system-out/>
  <testcase classname="Testcases.RecruitmentTest" name="tc9" time="0.065"/>
  <system-out/>
  <testcase classname="Testcases.RecruitmentTest" name="tc10" time="0.050"/>
  <system-out/>
  <testcase classname="Testcases.RecruitmentTest" name="tc11" time="0.215"/>
  <system-out/>
  <testcase classname="Testcases.RecruitmentTest" name="tc12" time="0.441"/>
  <system-out/>
  <testcase classname="Testcases.RecruitmentTest" name="tc13" time="0.421"/>
  <system-out/>
  <testcase classname="Testcases.RecruitmentTest" name="tc14" time="0.051"/>
  <system-out/>
  <testcase classname="Testcases.RecruitmentTest" name="tc15" time="0.067"/>
  <system-out/>
  <testcase classname="Testcases.RecruitmentTest" name="tc16" time="0.032"/>
  <system-out/>
  <testcase classname="Testcases.RecruitmentTest" name="tc17" time="0.018"/>
  <system-out/>
  <testcase classname="Testcases.RecruitmentTest" name="tc18" time="0.106"/>
  <system-out/>
  <testcase classname="Testcases.RecruitmentTest" name="tc19" time="0.279"/>
  <system-out/>
</testsuite> <!-- Testcases.RecruitmentTest -->
