<?xml version="1.0" encoding="UTF-8"?>
<!-- Generated by org.testng.reporters.JUnitReportReporter -->
<testsuite hostname="LAPTOP-DOES8190" failures="0" tests="4" name="Testcases.LoginPageTest" time="9.665" errors="0" timestamp="2023-11-08T13:12:21 IST" skipped="0">
  <testcase classname="Testcases.LoginPageTest" name="tc1" time="0.818"/>
  <system-out/>
  <testcase classname="Testcases.LoginPageTest" name="tc2" time="0.139"/>
  <system-out/>
  <testcase classname="Testcases.LoginPageTest" name="tc3" time="0.073"/>
  <system-out/>
  <testcase classname="Testcases.LoginPageTest" name="browsesetup" time="8.635"/>
  <system-out/>
</testsuite> <!-- Testcases.LoginPageTest -->
