<?xml version="1.0" encoding="UTF-8"?>
<!-- Generated by org.testng.reporters.JUnitReportReporter -->
<testsuite hostname="LAPTOP-DOES8190" failures="0" tests="7" name="testcases.All_Testcases" time="14.328" errors="0" timestamp="2023-11-28T16:14:37 IST" skipped="0">
  <testcase classname="testcases.All_Testcases" name="Tc5" time="0.827"/>
  <system-out/>
  <testcase classname="testcases.All_Testcases" name="Tc4" time="0.402"/>
  <system-out/>
  <testcase classname="testcases.All_Testcases" name="Tc6" time="0.609"/>
  <system-out/>
  <testcase classname="testcases.All_Testcases" name="Tc3" time="0.921"/>
  <system-out/>
  <testcase classname="testcases.All_Testcases" name="Tc7" time="0.090"/>
  <system-out/>
  <testcase classname="testcases.All_Testcases" name="Tc1" time="10.026"/>
  <system-out/>
  <testcase classname="testcases.All_Testcases" name="Tc2" time="1.453"/>
  <system-out/>
</testsuite> <!-- testcases.All_Testcases -->
